0 info it worked if it ends with ok
1 verbose cli [ 'C:\\Program Files\\nodejs\\node.exe',
1 verbose cli   'C:\\Program Files\\nodejs\\node_modules\\npm\\bin\\npm-cli.js',
1 verbose cli   'install' ]
2 info using npm@2.15.1
3 info using node@v4.4.4
4 verbose readDependencies loading dependencies from C:\Users\Lucas\vscode-power-mode\package.json
5 warn package.json vscode-power-mode@0.0.1 No repository field.
6 warn package.json vscode-power-mode@0.0.1 No license field.
7 verbose install where, deps [ 'C:\\Users\\Lucas\\vscode-power-mode',
7 verbose install   [ 'typescript',
7 verbose install     'vscode',
7 verbose install     'mocha',
7 verbose install     'eslint',
7 verbose install     '@types/node',
7 verbose install     '@types/mocha' ] ]
8 verbose install where, peers [ 'C:\\Users\\Lucas\\vscode-power-mode', [] ]
9 verbose installManyTop reading for lifecycle C:\Users\Lucas\vscode-power-mode\package.json
10 info preinstall vscode-power-mode@0.0.1
11 verbose readDependencies loading dependencies from C:\Users\Lucas\vscode-power-mode\package.json
12 silly cache add args [ 'vscode@^1.0.0', null ]
13 verbose cache add spec vscode@^1.0.0
14 silly cache add parsed spec Result {
14 silly cache add   raw: 'vscode@^1.0.0',
14 silly cache add   scope: null,
14 silly cache add   name: 'vscode',
14 silly cache add   rawSpec: '^1.0.0',
14 silly cache add   spec: '>=1.0.0 <2.0.0',
14 silly cache add   type: 'range' }
15 silly addNamed vscode@>=1.0.0 <2.0.0
16 verbose addNamed ">=1.0.0 <2.0.0" is a valid semver range for vscode
17 silly addNameRange { name: 'vscode', range: '>=1.0.0 <2.0.0', hasData: false }
18 silly mapToRegistry name vscode
19 silly mapToRegistry using default registry
20 silly mapToRegistry registry https://registry.npmjs.org/
21 silly mapToRegistry data Result {
21 silly mapToRegistry   raw: 'vscode',
21 silly mapToRegistry   scope: null,
21 silly mapToRegistry   name: 'vscode',
21 silly mapToRegistry   rawSpec: '',
21 silly mapToRegistry   spec: 'latest',
21 silly mapToRegistry   type: 'tag' }
22 silly mapToRegistry uri https://registry.npmjs.org/vscode
23 verbose addNameRange registry:https://registry.npmjs.org/vscode not in flight; fetching
24 silly cache add args [ 'mocha@^2.3.3', null ]
25 verbose cache add spec mocha@^2.3.3
26 silly cache add parsed spec Result {
26 silly cache add   raw: 'mocha@^2.3.3',
26 silly cache add   scope: null,
26 silly cache add   name: 'mocha',
26 silly cache add   rawSpec: '^2.3.3',
26 silly cache add   spec: '>=2.3.3 <3.0.0',
26 silly cache add   type: 'range' }
27 silly addNamed mocha@>=2.3.3 <3.0.0
28 verbose addNamed ">=2.3.3 <3.0.0" is a valid semver range for mocha
29 silly addNameRange { name: 'mocha', range: '>=2.3.3 <3.0.0', hasData: false }
30 silly mapToRegistry name mocha
31 silly mapToRegistry using default registry
32 silly mapToRegistry registry https://registry.npmjs.org/
33 silly mapToRegistry data Result {
33 silly mapToRegistry   raw: 'mocha',
33 silly mapToRegistry   scope: null,
33 silly mapToRegistry   name: 'mocha',
33 silly mapToRegistry   rawSpec: '',
33 silly mapToRegistry   spec: 'latest',
33 silly mapToRegistry   type: 'tag' }
34 silly mapToRegistry uri https://registry.npmjs.org/mocha
35 verbose addNameRange registry:https://registry.npmjs.org/mocha not in flight; fetching
36 silly cache add args [ 'eslint@^3.6.0', null ]
37 verbose cache add spec eslint@^3.6.0
38 silly cache add parsed spec Result {
38 silly cache add   raw: 'eslint@^3.6.0',
38 silly cache add   scope: null,
38 silly cache add   name: 'eslint',
38 silly cache add   rawSpec: '^3.6.0',
38 silly cache add   spec: '>=3.6.0 <4.0.0',
38 silly cache add   type: 'range' }
39 silly addNamed eslint@>=3.6.0 <4.0.0
40 verbose addNamed ">=3.6.0 <4.0.0" is a valid semver range for eslint
41 silly addNameRange { name: 'eslint', range: '>=3.6.0 <4.0.0', hasData: false }
42 silly mapToRegistry name eslint
43 silly mapToRegistry using default registry
44 silly mapToRegistry registry https://registry.npmjs.org/
45 silly mapToRegistry data Result {
45 silly mapToRegistry   raw: 'eslint',
45 silly mapToRegistry   scope: null,
45 silly mapToRegistry   name: 'eslint',
45 silly mapToRegistry   rawSpec: '',
45 silly mapToRegistry   spec: 'latest',
45 silly mapToRegistry   type: 'tag' }
46 silly mapToRegistry uri https://registry.npmjs.org/eslint
47 verbose addNameRange registry:https://registry.npmjs.org/eslint not in flight; fetching
48 silly cache add args [ '@types/node@^6.0.40', null ]
49 verbose cache add spec @types/node@^6.0.40
50 silly cache add parsed spec Result {
50 silly cache add   raw: '@types/node@^6.0.40',
50 silly cache add   scope: '@types',
50 silly cache add   name: '@types/node',
50 silly cache add   rawSpec: '^6.0.40',
50 silly cache add   spec: '>=6.0.40 <7.0.0',
50 silly cache add   type: 'range' }
51 silly addNamed @types/node@>=6.0.40 <7.0.0
52 verbose addNamed ">=6.0.40 <7.0.0" is a valid semver range for @types/node
53 silly addNameRange { name: '@types/node', range: '>=6.0.40 <7.0.0', hasData: false }
54 silly mapToRegistry name @types/node
55 silly mapToRegistry scope (from package name) @types
56 verbose mapToRegistry no registry URL found in name for scope @types
57 silly mapToRegistry using default registry
58 silly mapToRegistry registry https://registry.npmjs.org/
59 silly mapToRegistry data Result {
59 silly mapToRegistry   raw: '@types/node',
59 silly mapToRegistry   scope: '@types',
59 silly mapToRegistry   name: '@types/node',
59 silly mapToRegistry   rawSpec: '',
59 silly mapToRegistry   spec: 'latest',
59 silly mapToRegistry   type: 'tag' }
60 silly mapToRegistry uri https://registry.npmjs.org/@types%2fnode
61 verbose addNameRange registry:https://registry.npmjs.org/@types%2fnode not in flight; fetching
62 silly cache add args [ '@types/mocha@^2.2.32', null ]
63 verbose cache add spec @types/mocha@^2.2.32
64 silly cache add parsed spec Result {
64 silly cache add   raw: '@types/mocha@^2.2.32',
64 silly cache add   scope: '@types',
64 silly cache add   name: '@types/mocha',
64 silly cache add   rawSpec: '^2.2.32',
64 silly cache add   spec: '>=2.2.32 <3.0.0',
64 silly cache add   type: 'range' }
65 silly addNamed @types/mocha@>=2.2.32 <3.0.0
66 verbose addNamed ">=2.2.32 <3.0.0" is a valid semver range for @types/mocha
67 silly addNameRange { name: '@types/mocha',
67 silly addNameRange   range: '>=2.2.32 <3.0.0',
67 silly addNameRange   hasData: false }
68 silly mapToRegistry name @types/mocha
69 silly mapToRegistry scope (from package name) @types
70 verbose mapToRegistry no registry URL found in name for scope @types
71 silly mapToRegistry using default registry
72 silly mapToRegistry registry https://registry.npmjs.org/
73 silly mapToRegistry data Result {
73 silly mapToRegistry   raw: '@types/mocha',
73 silly mapToRegistry   scope: '@types',
73 silly mapToRegistry   name: '@types/mocha',
73 silly mapToRegistry   rawSpec: '',
73 silly mapToRegistry   spec: 'latest',
73 silly mapToRegistry   type: 'tag' }
74 silly mapToRegistry uri https://registry.npmjs.org/@types%2fmocha
75 verbose addNameRange registry:https://registry.npmjs.org/@types%2fmocha not in flight; fetching
76 silly cache add args [ 'typescript@^2.0.3', null ]
77 verbose cache add spec typescript@^2.0.3
78 silly cache add parsed spec Result {
78 silly cache add   raw: 'typescript@^2.0.3',
78 silly cache add   scope: null,
78 silly cache add   name: 'typescript',
78 silly cache add   rawSpec: '^2.0.3',
78 silly cache add   spec: '>=2.0.3 <3.0.0',
78 silly cache add   type: 'range' }
79 silly addNamed typescript@>=2.0.3 <3.0.0
80 verbose addNamed ">=2.0.3 <3.0.0" is a valid semver range for typescript
81 silly addNameRange { name: 'typescript', range: '>=2.0.3 <3.0.0', hasData: false }
82 silly mapToRegistry name typescript
83 silly mapToRegistry using default registry
84 silly mapToRegistry registry https://registry.npmjs.org/
85 silly mapToRegistry data Result {
85 silly mapToRegistry   raw: 'typescript',
85 silly mapToRegistry   scope: null,
85 silly mapToRegistry   name: 'typescript',
85 silly mapToRegistry   rawSpec: '',
85 silly mapToRegistry   spec: 'latest',
85 silly mapToRegistry   type: 'tag' }
86 silly mapToRegistry uri https://registry.npmjs.org/typescript
87 verbose addNameRange registry:https://registry.npmjs.org/typescript not in flight; fetching
88 verbose request uri https://registry.npmjs.org/vscode
89 verbose request no auth needed
90 info attempt registry request try #1 at 21:54:46
91 verbose request id 7ccd98ced85c0742
92 http request GET https://registry.npmjs.org/vscode
93 verbose request uri https://registry.npmjs.org/mocha
94 verbose request no auth needed
95 info attempt registry request try #1 at 21:54:46
96 http request GET https://registry.npmjs.org/mocha
97 verbose request uri https://registry.npmjs.org/eslint
98 verbose request no auth needed
99 info attempt registry request try #1 at 21:54:46
100 http request GET https://registry.npmjs.org/eslint
101 verbose request uri https://registry.npmjs.org/@types%2fnode
102 verbose request no auth needed
103 info attempt registry request try #1 at 21:54:46
104 http request GET https://registry.npmjs.org/@types%2fnode
105 verbose request uri https://registry.npmjs.org/@types%2fmocha
106 verbose request no auth needed
107 info attempt registry request try #1 at 21:54:46
108 http request GET https://registry.npmjs.org/@types%2fmocha
109 verbose request uri https://registry.npmjs.org/typescript
110 verbose request no auth needed
111 info attempt registry request try #1 at 21:54:46
112 http request GET https://registry.npmjs.org/typescript
113 info retry will retry, error on last attempt: Error: getaddrinfo ENOTFOUND registry.npmjs.org registry.npmjs.org:443
114 info retry will retry, error on last attempt: Error: getaddrinfo ENOTFOUND registry.npmjs.org registry.npmjs.org:443
115 info retry will retry, error on last attempt: Error: getaddrinfo ENOTFOUND registry.npmjs.org registry.npmjs.org:443
116 info retry will retry, error on last attempt: Error: getaddrinfo ENOTFOUND registry.npmjs.org registry.npmjs.org:443
117 info attempt registry request try #2 at 21:55:08
118 http request GET https://registry.npmjs.org/vscode
119 info attempt registry request try #2 at 21:55:08
120 http request GET https://registry.npmjs.org/@types%2fnode
121 info attempt registry request try #2 at 21:55:08
122 http request GET https://registry.npmjs.org/mocha
123 info attempt registry request try #2 at 21:55:08
124 http request GET https://registry.npmjs.org/eslint
125 info retry will retry, error on last attempt: Error: getaddrinfo ENOTFOUND registry.npmjs.org registry.npmjs.org:443
126 info retry will retry, error on last attempt: Error: getaddrinfo ENOTFOUND registry.npmjs.org registry.npmjs.org:443
127 info attempt registry request try #2 at 21:55:20
128 http request GET https://registry.npmjs.org/@types%2fmocha
129 info attempt registry request try #2 at 21:55:20
130 http request GET https://registry.npmjs.org/typescript
131 info retry will retry, error on last attempt: Error: getaddrinfo ENOTFOUND registry.npmjs.org registry.npmjs.org:443
132 info retry will retry, error on last attempt: Error: getaddrinfo ENOTFOUND registry.npmjs.org registry.npmjs.org:443
133 info retry will retry, error on last attempt: Error: getaddrinfo ENOTFOUND registry.npmjs.org registry.npmjs.org:443
134 info retry will retry, error on last attempt: Error: getaddrinfo ENOTFOUND registry.npmjs.org registry.npmjs.org:443
135 info retry will retry, error on last attempt: Error: getaddrinfo ENOTFOUND registry.npmjs.org registry.npmjs.org:443
136 info retry will retry, error on last attempt: Error: getaddrinfo ENOTFOUND registry.npmjs.org registry.npmjs.org:443
137 info attempt registry request try #3 at 21:56:20
138 http request GET https://registry.npmjs.org/vscode
139 info attempt registry request try #3 at 21:56:20
140 http request GET https://registry.npmjs.org/@types%2fnode
141 info attempt registry request try #3 at 21:56:22
142 http request GET https://registry.npmjs.org/mocha
143 info attempt registry request try #3 at 21:56:22
144 http request GET https://registry.npmjs.org/eslint
145 info attempt registry request try #3 at 21:56:32
146 http request GET https://registry.npmjs.org/@types%2fmocha
147 info attempt registry request try #3 at 21:56:32
148 http request GET https://registry.npmjs.org/typescript
149 verbose stack Error: getaddrinfo ENOTFOUND registry.npmjs.org registry.npmjs.org:443
149 verbose stack     at errnoException (dns.js:27:10)
149 verbose stack     at GetAddrInfoReqWrap.onlookup [as oncomplete] (dns.js:78:26)
150 verbose cwd C:\Users\Lucas\vscode-power-mode
151 error Windows_NT 6.1.7601
152 error argv "C:\\Program Files\\nodejs\\node.exe" "C:\\Program Files\\nodejs\\node_modules\\npm\\bin\\npm-cli.js" "install"
153 error node v4.4.4
154 error npm  v2.15.1
155 error code ENOTFOUND
156 error errno ENOTFOUND
157 error syscall getaddrinfo
158 error network getaddrinfo ENOTFOUND registry.npmjs.org registry.npmjs.org:443
158 error network This is most likely not a problem with npm itself
158 error network and is related to network connectivity.
158 error network In most cases you are behind a proxy or have bad network settings.
158 error network
158 error network If you are behind a proxy, please make sure that the
158 error network 'proxy' config is set properly.  See: 'npm help config'
159 verbose exit [ 1, true ]
